<?xml version="1.0" encoding="UTF-8"?>
<testng-results skipped="0" failed="0" ignored="0" total="1" passed="1">
  <reporter-output>
  </reporter-output>
  <suite name="Default suite" duration-ms="69911" started-at="2020-03-20T22:15:54 CDT" finished-at="2020-03-20T22:17:03 CDT">
    <groups>
    </groups>
    <test name="Default test" duration-ms="69911" started-at="2020-03-20T22:15:54 CDT" finished-at="2020-03-20T22:17:03 CDT">
      <class name="com.expidia.Expidia_bootcamp">
        <test-method status="PASS" signature="beforeClass()[pri:0, instance:com.expidia.Expidia_bootcamp@6737fd8f]" name="beforeClass" is-config="true" duration-ms="13143" started-at="2020-03-20T22:15:54 CDT" finished-at="2020-03-20T22:16:07 CDT">
          <reporter-output>
          </reporter-output>
        </test-method> <!-- beforeClass -->
        <test-method status="PASS" signature="f()[pri:0, instance:com.expidia.Expidia_bootcamp@6737fd8f]" name="f" duration-ms="56725" started-at="2020-03-20T22:16:07 CDT" finished-at="2020-03-20T22:17:03 CDT">
          <reporter-output>
          </reporter-output>
        </test-method> <!-- f -->
        <test-method status="PASS" signature="afterClass()[pri:0, instance:com.expidia.Expidia_bootcamp@6737fd8f]" name="afterClass" is-config="true" duration-ms="1" started-at="2020-03-20T22:17:03 CDT" finished-at="2020-03-20T22:17:03 CDT">
          <reporter-output>
          </reporter-output>
        </test-method> <!-- afterClass -->
      </class> <!-- com.expidia.Expidia_bootcamp -->
    </test> <!-- Default test -->
  </suite> <!-- Default suite -->
</testng-results>
